<?xml version="1.0" encoding="UTF-8"?>
<testng-results ignored="0" total="5" passed="5" failed="0" skipped="0">
  <reporter-output>
  </reporter-output>
  <suite started-at="2020-11-01T16:33:49 IST" name="Default suite" finished-at="2020-11-01T16:35:34 IST" duration-ms="104503">
    <groups>
    </groups>
    <test started-at="2020-11-01T16:33:49 IST" name="Default test" finished-at="2020-11-01T16:35:34 IST" duration-ms="104503">
      <class name="com.MakemyTripHotelBooking.makemytriphotelbookingTest">
        <test-method is-config="true" signature="beforeTest()[pri:0, instance:com.MakemyTripHotelBooking.makemytriphotelbookingTest@222114ba]" started-at="2020-11-01T16:33:49 IST" name="beforeTest" finished-at="2020-11-01T16:34:10 IST" duration-ms="20730" status="PASS">
          <reporter-output>
          </reporter-output>
        </test-method> <!-- beforeTest -->
        <test-method signature="verifyHotelPageTitle()[pri:1, instance:com.MakemyTripHotelBooking.makemytriphotelbookingTest@222114ba]" started-at="2020-11-01T16:34:10 IST" name="verifyHotelPageTitle" finished-at="2020-11-01T16:34:28 IST" duration-ms="17682" status="PASS">
          <reporter-output>
          </reporter-output>
        </test-method> <!-- verifyHotelPageTitle -->
        <test-method signature="verifyHotelListPageTitle()[pri:2, instance:com.MakemyTripHotelBooking.makemytriphotelbookingTest@222114ba]" started-at="2020-11-01T16:34:28 IST" name="verifyHotelListPageTitle" finished-at="2020-11-01T16:34:40 IST" duration-ms="12281" status="PASS">
          <reporter-output>
          </reporter-output>
        </test-method> <!-- verifyHotelListPageTitle -->
        <test-method signature="verifyHotelSelectionPageTitle()[pri:3, instance:com.MakemyTripHotelBooking.makemytriphotelbookingTest@222114ba]" started-at="2020-11-01T16:34:40 IST" name="verifyHotelSelectionPageTitle" finished-at="2020-11-01T16:34:59 IST" duration-ms="19400" status="PASS">
          <reporter-output>
          </reporter-output>
        </test-method> <!-- verifyHotelSelectionPageTitle -->
        <test-method signature="personalDetailsPageTitle()[pri:4, instance:com.MakemyTripHotelBooking.makemytriphotelbookingTest@222114ba]" started-at="2020-11-01T16:34:59 IST" name="personalDetailsPageTitle" finished-at="2020-11-01T16:35:19 IST" duration-ms="19599" status="PASS">
          <reporter-output>
          </reporter-output>
        </test-method> <!-- personalDetailsPageTitle -->
        <test-method signature="paymentDetailsPageTitle()[pri:5, instance:com.MakemyTripHotelBooking.makemytriphotelbookingTest@222114ba]" started-at="2020-11-01T16:35:19 IST" name="paymentDetailsPageTitle" finished-at="2020-11-01T16:35:34 IST" duration-ms="14443" status="PASS">
          <reporter-output>
          </reporter-output>
        </test-method> <!-- paymentDetailsPageTitle -->
      </class> <!-- com.MakemyTripHotelBooking.makemytriphotelbookingTest -->
    </test> <!-- Default test -->
  </suite> <!-- Default suite -->
</testng-results>
